2013-07-26 17:39:34 INFO  main [mitsuba.cpp:256] Mitsuba version 0.4.4 (Linux, 64 bit), Copyright (c) 2013 Wenzel Jakob
2013-07-26 17:39:34 INFO  main [mitsuba.cpp:360] Parsing scene description from "/home2/brainard/render-toolbox-3/epic-scene-test/temp/MakeInterior/Mitsuba/interior-small-path.xml" ..
2013-07-26 17:39:34 INFO  main [PluginManager] Loading plugin "plugins/diffuse.so" ..
2013-07-26 17:39:34 INFO  main [spectrum.cpp:585] "mccBabel-18.spd": loaded a spectral power distribution with 36 entries (between 380.000000 and 730.000000 nm)
2013-07-26 17:39:34 INFO  main [spectrum.cpp:585] "mccBabel-20.spd": loaded a spectral power distribution with 36 entries (between 380.000000 and 730.000000 nm)
2013-07-26 17:39:34 INFO  main [PluginManager] Loading plugin "plugins/path.so" ..
2013-07-26 17:39:34 WARN  main [scenehandler.cpp:761] Near file offset 798: Unqueried attribute "shadingSamples" in element "integrator"
2013-07-26 17:39:34 INFO  main [spectrum.cpp:585] "mccBabel-21.spd": loaded a spectral power distribution with 36 entries (between 380.000000 and 730.000000 nm)
2013-07-26 17:39:34 INFO  main [spectrum.cpp:585] "mccBabel-2.spd": loaded a spectral power distribution with 36 entries (between 380.000000 and 730.000000 nm)
2013-07-26 17:39:34 INFO  main [spectrum.cpp:585] "mccBabel-5.spd": loaded a spectral power distribution with 36 entries (between 380.000000 and 730.000000 nm)
2013-07-26 17:39:34 INFO  main [spectrum.cpp:585] "mccBabel-4.spd": loaded a spectral power distribution with 36 entries (between 380.000000 and 730.000000 nm)
2013-07-26 17:39:34 INFO  main [spectrum.cpp:585] "mccBabel-14.spd": loaded a spectral power distribution with 36 entries (between 380.000000 and 730.000000 nm)
2013-07-26 17:39:34 INFO  main [spectrum.cpp:585] "mccBabel-8.spd": loaded a spectral power distribution with 36 entries (between 380.000000 and 730.000000 nm)
2013-07-26 17:39:34 INFO  main [spectrum.cpp:585] "mccBabel-9.spd": loaded a spectral power distribution with 36 entries (between 380.000000 and 730.000000 nm)
2013-07-26 17:39:34 INFO  main [spectrum.cpp:585] "mccBabel-10.spd": loaded a spectral power distribution with 36 entries (between 380.000000 and 730.000000 nm)
2013-07-26 17:39:34 INFO  main [spectrum.cpp:585] "mccBabel-13.spd": loaded a spectral power distribution with 36 entries (between 380.000000 and 730.000000 nm)
2013-07-26 17:39:34 INFO  main [spectrum.cpp:585] "mccBabel-17.spd": loaded a spectral power distribution with 36 entries (between 380.000000 and 730.000000 nm)
2013-07-26 17:39:34 INFO  main [spectrum.cpp:585] "mccBabel-16.spd": loaded a spectral power distribution with 36 entries (between 380.000000 and 730.000000 nm)
2013-07-26 17:39:34 INFO  main [spectrum.cpp:585] "mccBabel-11.spd": loaded a spectral power distribution with 36 entries (between 380.000000 and 730.000000 nm)
2013-07-26 17:39:34 INFO  main [spectrum.cpp:585] "mccBabel-15.spd": loaded a spectral power distribution with 36 entries (between 380.000000 and 730.000000 nm)
2013-07-26 17:39:34 INFO  main [spectrum.cpp:585] "mccBabel-22.spd": loaded a spectral power distribution with 36 entries (between 380.000000 and 730.000000 nm)
2013-07-26 17:39:34 INFO  main [spectrum.cpp:585] "mccBabel-12.spd": loaded a spectral power distribution with 36 entries (between 380.000000 and 730.000000 nm)
2013-07-26 17:39:34 INFO  main [spectrum.cpp:585] "mccBabel-7.spd": loaded a spectral power distribution with 36 entries (between 380.000000 and 730.000000 nm)
2013-07-26 17:39:34 INFO  main [spectrum.cpp:585] "mccBabel-19.spd": loaded a spectral power distribution with 36 entries (between 380.000000 and 730.000000 nm)
2013-07-26 17:39:34 INFO  main [spectrum.cpp:585] "mccBabel-6.spd": loaded a spectral power distribution with 36 entries (between 380.000000 and 730.000000 nm)
2013-07-26 17:39:34 INFO  main [spectrum.cpp:585] "WindowLight.spd": loaded a spectral power distribution with 81 entries (between 380.000000 and 780.000000 nm)
2013-07-26 17:39:34 INFO  main [PluginManager] Loading plugin "plugins/area.so" ..
2013-07-26 17:39:34 INFO  main [PluginManager] Loading plugin "plugins/serialized.so" ..
2013-07-26 17:39:34 INFO  main [SerializedMesh] Loading shape 0 from "interior-small-pathUnadjusted.serialized" ..
2013-07-26 17:39:34 INFO  main [spectrum.cpp:585] "WindowLight.spd": loaded a spectral power distribution with 81 entries (between 380.000000 and 780.000000 nm)
2013-07-26 17:39:34 INFO  main [SerializedMesh] Loading shape 1 from "interior-small-pathUnadjusted.serialized" ..
2013-07-26 17:39:34 INFO  main [spectrum.cpp:585] "YellowLight.spd": loaded a spectral power distribution with 81 entries (between 380.000000 and 780.000000 nm)
2013-07-26 17:39:34 WARN  main [properties.cpp:78] Property "intensity" was specified multiple times!
2013-07-26 17:39:34 INFO  main [PluginManager] Loading plugin "plugins/point.so" ..
2013-07-26 17:39:34 INFO  main [SerializedMesh] Loading shape 2 from "interior-small-pathUnadjusted.serialized" ..
2013-07-26 17:39:34 INFO  main [SerializedMesh] Loading shape 3 from "interior-small-pathUnadjusted.serialized" ..
2013-07-26 17:39:34 INFO  main [SerializedMesh] Loading shape 4 from "interior-small-pathUnadjusted.serialized" ..
2013-07-26 17:39:34 INFO  main [SerializedMesh] Loading shape 5 from "interior-small-pathUnadjusted.serialized" ..
2013-07-26 17:39:34 INFO  main [SerializedMesh] Loading shape 6 from "interior-small-pathUnadjusted.serialized" ..
2013-07-26 17:39:34 INFO  main [PluginManager] Loading plugin "plugins/shapegroup.so" ..
2013-07-26 17:39:34 INFO  main [KDTreeBase] Constructing a SAH kd-tree (28 primitives) ..
2013-07-26 17:39:34 INFO  main [KDTreeBase] Finished -- took 0 ms.
2013-07-26 17:39:34 INFO  main [PluginManager] Loading plugin "plugins/instance.so" ..
2013-07-26 17:39:34 INFO  main [SerializedMesh] Loading shape 7 from "interior-small-pathUnadjusted.serialized" ..
2013-07-26 17:39:34 INFO  main [KDTreeBase] Constructing a SAH kd-tree (28 primitives) ..
2013-07-26 17:39:34 INFO  main [KDTreeBase] Finished -- took 0 ms.
2013-07-26 17:39:34 INFO  main [SerializedMesh] Loading shape 8 from "interior-small-pathUnadjusted.serialized" ..
2013-07-26 17:39:34 INFO  main [SerializedMesh] Loading shape 9 from "interior-small-pathUnadjusted.serialized" ..
2013-07-26 17:39:34 INFO  main [SerializedMesh] Loading shape 10 from "interior-small-pathUnadjusted.serialized" ..
2013-07-26 17:39:34 INFO  main [spectrum.cpp:585] "YellowLight.spd": loaded a spectral power distribution with 81 entries (between 380.000000 and 780.000000 nm)
2013-07-26 17:39:34 WARN  main [properties.cpp:78] Property "intensity" was specified multiple times!
2013-07-26 17:39:34 INFO  main [PluginManager] Loading plugin "plugins/spot.so" ..
2013-07-26 17:39:34 INFO  main [spectrum.cpp:585] "YellowLight.spd": loaded a spectral power distribution with 81 entries (between 380.000000 and 780.000000 nm)
2013-07-26 17:39:34 WARN  main [properties.cpp:78] Property "intensity" was specified multiple times!
2013-07-26 17:39:34 INFO  main [SerializedMesh] Loading shape 11 from "interior-small-pathUnadjusted.serialized" ..
2013-07-26 17:39:34 INFO  main [spectrum.cpp:585] "HangingLight.spd": loaded a spectral power distribution with 81 entries (between 380.000000 and 780.000000 nm)
2013-07-26 17:39:34 WARN  main [properties.cpp:78] Property "intensity" was specified multiple times!
2013-07-26 17:39:34 INFO  main [SerializedMesh] Loading shape 12 from "interior-small-pathUnadjusted.serialized" ..
2013-07-26 17:39:34 INFO  main [SerializedMesh] Loading shape 13 from "interior-small-pathUnadjusted.serialized" ..
2013-07-26 17:39:34 INFO  main [SerializedMesh] Loading shape 14 from "interior-small-pathUnadjusted.serialized" ..
2013-07-26 17:39:34 INFO  main [SerializedMesh] Loading shape 15 from "interior-small-pathUnadjusted.serialized" ..
2013-07-26 17:39:34 INFO  main [SerializedMesh] Loading shape 16 from "interior-small-pathUnadjusted.serialized" ..
2013-07-26 17:39:34 INFO  main [SerializedMesh] Loading shape 17 from "interior-small-pathUnadjusted.serialized" ..
2013-07-26 17:39:34 INFO  main [KDTreeBase] Constructing a SAH kd-tree (12 primitives) ..
2013-07-26 17:39:34 INFO  main [KDTreeBase] Finished -- took 0 ms.
2013-07-26 17:39:34 INFO  main [SerializedMesh] Loading shape 18 from "interior-small-pathUnadjusted.serialized" ..
2013-07-26 17:39:34 INFO  main [SerializedMesh] Loading shape 19 from "interior-small-pathUnadjusted.serialized" ..
2013-07-26 17:39:34 INFO  main [SerializedMesh] Loading shape 20 from "interior-small-pathUnadjusted.serialized" ..
2013-07-26 17:39:34 INFO  main [SerializedMesh] Loading shape 21 from "interior-small-pathUnadjusted.serialized" ..
2013-07-26 17:39:34 INFO  main [KDTreeBase] Constructing a SAH kd-tree (48 primitives) ..
2013-07-26 17:39:34 INFO  main [KDTreeBase] Finished -- took 1 ms.
2013-07-26 17:39:34 INFO  main [SerializedMesh] Loading shape 22 from "interior-small-pathUnadjusted.serialized" ..
2013-07-26 17:39:34 INFO  main [SerializedMesh] Loading shape 23 from "interior-small-pathUnadjusted.serialized" ..
2013-07-26 17:39:34 INFO  main [SerializedMesh] Loading shape 24 from "interior-small-pathUnadjusted.serialized" ..
2013-07-26 17:39:34 INFO  main [SerializedMesh] Loading shape 25 from "interior-small-pathUnadjusted.serialized" ..
2013-07-26 17:39:34 INFO  main [SerializedMesh] Loading shape 26 from "interior-small-pathUnadjusted.serialized" ..
2013-07-26 17:39:34 INFO  main [KDTreeBase] Constructing a SAH kd-tree (320 primitives) ..
2013-07-26 17:39:34 INFO  main [KDTreeBase] Finished -- took 4 ms.
2013-07-26 17:39:34 INFO  main [SerializedMesh] Loading shape 27 from "interior-small-pathUnadjusted.serialized" ..
2013-07-26 17:39:34 INFO  main [SerializedMesh] Loading shape 28 from "interior-small-pathUnadjusted.serialized" ..
2013-07-26 17:39:34 INFO  main [KDTreeBase] Constructing a SAH kd-tree (320 primitives) ..
2013-07-26 17:39:34 INFO  main [KDTreeBase] Finished -- took 4 ms.
2013-07-26 17:39:34 INFO  main [SerializedMesh] Loading shape 29 from "interior-small-pathUnadjusted.serialized" ..
2013-07-26 17:39:34 INFO  main [KDTreeBase] Constructing a SAH kd-tree (320 primitives) ..
2013-07-26 17:39:34 INFO  main [KDTreeBase] Finished -- took 4 ms.
2013-07-26 17:39:34 INFO  main [SerializedMesh] Loading shape 30 from "interior-small-pathUnadjusted.serialized" ..
2013-07-26 17:39:34 INFO  main [SerializedMesh] Loading shape 31 from "interior-small-pathUnadjusted.serialized" ..
2013-07-26 17:39:34 INFO  main [SerializedMesh] Loading shape 32 from "interior-small-pathUnadjusted.serialized" ..
2013-07-26 17:39:34 INFO  main [SerializedMesh] Loading shape 33 from "interior-small-pathUnadjusted.serialized" ..
2013-07-26 17:39:34 INFO  main [KDTreeBase] Constructing a SAH kd-tree (28 primitives) ..
2013-07-26 17:39:34 INFO  main [KDTreeBase] Finished -- took 0 ms.
2013-07-26 17:39:34 INFO  main [SerializedMesh] Loading shape 34 from "interior-small-pathUnadjusted.serialized" ..
2013-07-26 17:39:34 INFO  main [SerializedMesh] Loading shape 35 from "interior-small-pathUnadjusted.serialized" ..
2013-07-26 17:39:34 INFO  main [SerializedMesh] Loading shape 36 from "interior-small-pathUnadjusted.serialized" ..
2013-07-26 17:39:34 INFO  main [SerializedMesh] Loading shape 37 from "interior-small-pathUnadjusted.serialized" ..
2013-07-26 17:39:34 INFO  main [SerializedMesh] Loading shape 38 from "interior-small-pathUnadjusted.serialized" ..
2013-07-26 17:39:34 INFO  main [SerializedMesh] Loading shape 39 from "interior-small-pathUnadjusted.serialized" ..
2013-07-26 17:39:34 INFO  main [SerializedMesh] Loading shape 40 from "interior-small-pathUnadjusted.serialized" ..
2013-07-26 17:39:34 INFO  main [SerializedMesh] Loading shape 41 from "interior-small-pathUnadjusted.serialized" ..
2013-07-26 17:39:34 INFO  main [SerializedMesh] Loading shape 42 from "interior-small-pathUnadjusted.serialized" ..
2013-07-26 17:39:34 INFO  main [SerializedMesh] Loading shape 43 from "interior-small-pathUnadjusted.serialized" ..
2013-07-26 17:39:34 INFO  main [SerializedMesh] Loading shape 44 from "interior-small-pathUnadjusted.serialized" ..
2013-07-26 17:39:34 INFO  main [PluginManager] Loading plugin "plugins/ldsampler.so" ..
2013-07-26 17:39:34 INFO  main [PluginManager] Loading plugin "plugins/gaussian.so" ..
2013-07-26 17:39:34 INFO  main [PluginManager] Loading plugin "plugins/hdrfilm.so" ..
2013-07-26 17:39:34 INFO  main [PluginManager] Loading plugin "plugins/perspective.so" ..
2013-07-26 17:39:34 INFO  ren0 [KDTreeBase] Constr2013-07-26 17:39:36 INFO  ren0 [KDTreeBase]2013-07-26 17:39:37 INFO  ren0 [KDTreeBase] Finished -- took 3348 ms.
2013-07-26 17:39:38 INFO  ren0 [SamplingIntegrator] Starting render job (322013-07-26 17:40:39 INFO  ren0 [HDRFilm] Writ2013-07-26 17:46:09 INFO  ren0 [HDRFilm] Writing image to "/home2/brainard/render-toolbox-3/epic-scene-test/temp/MakeInterior/Mitsuba/interior-large-path.exr" ..

] Render time: 24.4440s
2013-07-26 17:39:59 INFO  main [statistics.cpp:137] Statistics:
------------------------------------------------------------
 * Loaded plugins :
    -  plugins/area.so [Area light]
    -  plugins/diffuse.so [Smooth diffuse BRDF]
    -  plugins/direct.so [Direct illumination integrator]
    -  plugins/gaussian.so [Gaussian reconstruction filter]
    -  plugins/hdrfilm.so [High dynamic range film]
    -  plugins/instance.so [Instanced geometry]
    -  plugins/ldsampler.so [Low discrepancy sampler]
    -  plugins/perspective.so [Perspective camera]
    -  plugins/point.so [Point emitter]
    -  plugins/serialized.so [Serialized mesh loader]
    -  plugins/shapegroup.so [Grouped geometry for instancing]
    -  plugins/spot.so [Spot light]

  * General :
    -  Normal rays traced : 20.247 M
    -  Shadow rays traced : 19.127 M
------------------------------------------------------------
2013-07-26 17:40:40 INFO  ren0 [RenderQueue] Render time: 1.0930m
2013-07-26 17:40:40 INFO  main [statistics.cpp:137] Statistics:
------------------------------------------------------------
 * Loaded plugins :
    -  plugins/area.so [Area light]
    -  plugins/diffuse.so [Smooth diffuse BRDF]
    -  plugins/direct.so [Direct illumination integrator]
    -  plugins/gaussian.so [Gaussian reconstruction filter]
    -  plugins/hdrfilm.so [High dynamic range film]
    -  plugins/instance.so [Instanced geometry]
    -  plugins/ldsampler.so [Low discrepancy sampler]
    -  plugins/perspective.so [Perspective camera]
    -  plugins/point.so [Point emitter]
    -  plugins/serialized.so [Serialized mesh loader]
    -  plugins/shapegroup.so [Grouped geometry for instancing]
    -  plugins/spot.so [Spot light]

  * General :
    -  Normal rays traced : 80.988 M
    -  Shadow rays traced : 76.509 M
------------------------------------------------------------
2013-07-26 17:42:23 INFO  ren0 [RenderQueue] Render time: 2.8190m
2013-07-26 17:42:23 INFO  main [statistics.cpp:137] Statistics:
------------------------------------------------------------
 * Loaded plugins :
    -  plugins/area.so [Area light]
    -  plugins/diffuse.so [Smooth diffuse BRDF]
    -  plugins/gaussian.so [Gaussian reconstruction filter]
    -  plugins/hdrfilm.so [High dynamic range film]
    -  plugins/instance.so [Instanced geometry]
    -  plugins/ldsampler.so [Low discrepancy sampler]
    -  plugins/path.so [MI path tracer]
    -  plugins/perspective.so [Perspective camera]
    -  plugins/point.so [Point emitter]
    -  plugins/serialized.so [Serialized mesh loader]
    -  plugins/shapegroup.so [Grouped geometry for instancing]
    -  plugins/spot.so [Spot light]

  * General :
    -  Normal rays traced : 214.302 M
    -  Shadow rays traced : 166.497 M

  * Path tracer :
    -  Average path length : 5.20 (204.45 M / 39.32 M)
------------------------------------------------------------
2013-07-26 17:46:09 INFO  ren0 [RenderQueue] Render time: 6.5830m
2013-07-26 17:46:09 INFO  main [statistics.cpp:137] Statistics:
------------------------------------------------------------
 * Loaded plugins :
    -  plugins/area.so [Area light]
    -  plugins/diffuse.so [Smooth diffuse BRDF]
    -  plugins/gaussian.so [Gaussian reconstruction filter]
    -  plugins/hdrfilm.so [High dynamic range film]
    -  plugins/instance.so [Instanced geometry]
    -  plugins/ldsampler.so [Low discrepancy sampler]
    -  plugins/path.so [MI path tracer]
    -  plugins/perspective.so [Perspective camera]
    -  plugins/point.so [Point emitter]
    -  plugins/serialized.so [Serialized mesh loader]
    -  plugins/shapegroup.so [Grouped geometry for instancing]
    -  plugins/spot.so [Spot light]

  * General :
    -  Normal rays traced : 857.169 M
    -  Shadow rays traced : 665.950 M

  * Path tracer :
    -  Average path length : 5.20 (817.76 M / 157.29 M)
------------------------------------------------------------
