2013-11-01 17:50:07 INFO  main [mitsuba.cpp:256] Mitsuba version 0.4.4 (Linux, 64 bit), Copyright (c) 2013 Wenzel Jakob
2013-11-01 17:50:08 INFO  main [mitsuba.cpp:360] Parsing scene description from "/home2/brainard/render-toolbox-3/epic-scene-test/temp/MakeCubanSphereTextured/Mitsuba/CubaTextured25.xml" ..
2013-11-01 17:50:08 INFO  main [PluginManager] Loading plugin "plugins/bitmap.so" ..
2013-11-01 17:50:08 INFO  main [BitmapTexture] Loading texture "earthbump1k-stretch-rgb.exr"
2013-11-01 17:50:08 INFO  main [PluginManager] Loading plugin "plugins/lanczos.so" ..
2013-11-01 17:50:08 INFO  main [PluginManager] Loading plugin "plugins/direct.so" ..
2013-11-01 17:50:09 INFO  main [PluginManager] Loading plugin "plugins/ward.so" ..
2013-11-01 17:50:09 INFO  main [spectrum.cpp:585] "mccBabel-4.spd": loaded a spectral power distribution with 36 entries (between 380.000000 and 730.000000 nm)
2013-11-01 17:50:09 INFO  main [PluginManager] Loading plugin "plugins/roughplastic.so" ..
2013-11-01 17:50:09 WARN  main [properties.cpp:78] Property "irradiance" was specified multiple times!
2013-11-01 17:50:09 INFO  main [PluginManager] Loading plugin "plugins/directional.so" ..
2013-11-01 17:50:09 WARN  main [properties.cpp:78] Property "irradiance" was specified multiple times!
2013-11-01 17:50:09 INFO  main [PluginManager] Loading plugin "plugins/serialized.so" ..
2013-11-01 17:50:09 INFO  main [SerializedMesh] Loading shape 0 from "CubaTextured17Unadjusted.serialized" ..
2013-11-01 17:50:09 INFO  main [spectrum.cpp:585] "D65.spd": loaded a spectral power distribution with 81 entries (between 380.000000 and 780.000000 nm)
2013-11-01 17:50:09 WARN  main [properties.cpp:78] Property "intensity" was specified multiple times!
2013-11-01 17:50:09 INFO  main [PluginManager] Loading plugin "plugins/point.so" ..
2013-11-01 17:50:09 INFO  main [SerializedMesh] Loading shape 1 from "CubaTextured17Unadjusted.serialized" ..
2013-11-01 17:50:09 INFO  main [spectrum.cpp:585] "D65.spd": loaded a spectral power distribution with 81 entries (between 380.000000 and 780.000000 nm)
2013-11-01 17:50:09 WARN  main [properties.cpp:78] Property "intensity" was specified multiple times!
2013-11-01 17:50:09 INFO  main [PluginManager] Loading plugin "plugins/ldsampler.so" ..
2013-11-01 17:50:09 INFO  main [PluginManager] Loading plugin "plugins/gaussian.so" ..
2013-11-01 17:50:09 INFO  main [PluginManager] Loading plugin "plugins/hdrfilm.so" ..
2013-11-01 17:50:09 INFO  main [PluginManager] Loading plugin "plugins/perspective.so" ..
2013-11-01 17:50:09 INFO  ren0 [KDTreeBase] Constructing a SAH kd-tree (972 primitives) ..
2013-11-01 17:50:09 INFO  ren0 [KDTreeBase] Finished -- took 4 ms.
2013-11-01 17:50:09 INFO  ren0 [SamplingIntegrator] Starting render job (200x160, 8 samples, 8 cores, SSE2 enabled) ..
2013-11-01 17:50:11 INFO  ren0 [HDRFilm] Writing image to "/home2/brainard/render-toolbox-3/epic-scene-test/temp/MakeCubanSphereTextured/Mitsuba/CubaTextured17.exr" ..
..
2013-11-01 17:50:11 INFO  ren0 [RenderQueue] Render time: 2.4610s
2013-11-01 17:50:11 INFO  main [statistics.cpp:137] Statistics:
------------------------------------------------------------
 * Loaded plugins :
    -  plugins/bitmap.so [Bitmap texture]
    -  plugins/direct.so [Direct illumination integrator]
    -  plugins/directional.so [Directional emitter]
    -  plugins/gaussian.so [Gaussian reconstruction filter]
    -  plugins/hdrfilm.so [High dynamic range film]
    -  plugins/lanczos.so [Lanczos Sinc filter]
    -  plugins/ldsampler.so [Low discrepancy sampler]
    -  plugins/perspective.so [Perspective camera]
    -  plugins/point.so [Point emitter]
    -  plugins/roughplastic.so [Rough plastic BRDF]
    -  plugins/serialized.so [Serialized mesh loader]
    -  plugins/ward.so [Anisotropic Ward BRDF]

  * General :
    -  Normal rays traced : 882.800 K
    -  Shadow rays traced : 646.752 K

  * Texture system :
    -  Average EWA samples / lookup : 7.64 (711.09 K / 93.01 K)
    -  Cumulative MIP map memory allocations : 3.829 MiB
    -  Filtered texture lookups : 100.00 % (46.53 K of 46.53 K)
    -  Lookups with clamped anisotropy : 0.34 % (158.00 of 46.53 K)
------------------------------------------------------------
---
2013-11-01 17:50:10 INFO  ren0 [RenderQueue] Render time: 1.7120s
2013-11-01 17:50:10 INFO  main [statistics.cpp:137] Statistics:
------------------------------------------------------------
 * Loaded plugins :
    -  plugins/bitmap.so [Bitmap texture]
    -  plugins/direct.so [Direct illumination integrator]
    -  plugins/directional.so [Directional emitter]
    -  plugins/gaussian.so [Gaussian reconstruction filter]
    -  plugins/hdrfilm.so [High dynamic range film]
    -  plugins/lanczos.so [Lanczos Sinc filter]
    -  plugins/ldsampler.so [Low discrepancy sampler]
    -  plugins/perspective.so [Perspective camera]
    -  plugins/point.so [Point emitter]
    -  plugins/roughplastic.so [Rough plastic BRDF]
    -  plugins/serialized.so [Serialized mesh loader]
    -  plugins/ward.so [Anisotropic Ward BRDF]

  * General :
    -  Normal rays traced : 518.843 K
    -  Shadow rays traced : 297.568 K

  * Texture system :
    -  Average EWA samples / lookup : 11.23 (3.22 M / 286.49 K)
    -  Cumulative MIP map memory allocations : 3.829 MiB
    -  Filtered texture lookups : 100.00 % (143.25 K of 143.25 K)
    -  Lookups with clamped anisotropy : 1.96 % (2.81 K of 143.25 K)
------------------------------------------------------------
2013-11-01 17:50:12 INFO  ren0 [RenderQueue] Render time: 3.2020s
2013-11-01 17:50:12 INFO  main [statistics.cpp:137] Statistics:
------------------------------------------------------------
 * Loaded plugins :
    -  plugins/bitmap.so [Bitmap texture]
    -  plugins/direct.so [Direct illumination integrator]
    -  plugins/directional.so [Directional emitter]
    -  plugins/gaussian.so [Gaussian reconstruction filter]
    -  plugins/hdrfilm.so [High dynamic range film]
    -  plugins/lanczos.so [Lanczos Sinc filter]
    -  plugins/ldsampler.so [Low discrepancy sampler]
    -  plugins/perspective.so [Perspective camera]
    -  plugins/point.so [Point emitter]
    -  plugins/roughplastic.so [Rough plastic BRDF]
    -  plugins/serialized.so [Serialized mesh loader]
    -  plugins/ward.so [Anisotropic Ward BRDF]

  * General :
    -  Normal rays traced : 1.131 M
    -  Shadow rays traced : 1.027 M

  * Texture system :
    -  Average EWA samples / lookup : 11.57 (9.69 M / 837.64 K)
    -  Cumulative MIP map memory allocations : 3.829 MiB
    -  Filtered texture lookups : 100.00 % (419.79 K of 419.79 K)
    -  Lookups with clamped anisotropy : 1.89 % (7.93 K of 419.79 K)
------------------------------------------------------------
