2013-11-01 17:50:06 INFO  main [mitsuba.cpp:256] Mitsuba version 0.4.4 (Linux, 64 bit), Copyright (c) 2013 Wenzel Jakob
2013-11-01 17:50:06 INFO  main [mitsuba.cpp:360] Parsing scene description from "/home2/brainard/render-toolbox-3/epic-scene-test/temp/MakeCubanSphereTextured/Mitsuba/CubaTextured01.xml" ..
2013-11-01 17:50:06 INFO  main [PluginManager] Loading plugin "plugins/bitmap.so" ..
2013-11-01 17:50:06 INFO  main [BitmapTexture] Loading texture "earthbump1k-stretch-rgb.exr"
2013-11-01 17:50:06 INFO  main [PluginManager] Loading plugin "plugins/lanczos.so" ..
2013-11-01 17:50:07 INFO  main [PluginManager] Loading plugin "plugins/direct.so" ..
2013-11-01 17:50:07 INFO  main [PluginManager] Loading plugin "plugins/ward.so" ..
2013-11-01 17:50:07 INFO  main [spectrum.cpp:585] "mccBabel-4.spd": loaded a spectral power distribution with 36 entries (between 380.000000 and 730.000000 nm)
2013-11-01 17:50:07 INFO  main [PluginManager] Loading plugin "plugins/roughplastic.so" ..
2013-11-01 17:50:07 WARN  main [properties.cpp:78] Property "irradiance" was specified multiple times!
2013-11-01 17:50:07 INFO  main [PluginManager] Loading plugin "plugins/directional.so" ..
2013-11-01 17:50:07 WARN  main [properties.cpp:78] Property "irradiance" was specified multiple times!
2013-11-01 17:50:07 INFO  main [PluginManager] Loading plugin "plugins/serialized.so" ..
2013-11-01 17:50:07 INFO  main [SerializedMesh] Loading shape 0 from "CubaTextured01Unadjusted.serialized" ..
2013-11-01 17:50:07 INFO  main [spectrum.cpp:585] "D65.spd": loaded a spectral power distribution with 81 entries (between 380.000000 and 780.000000 nm)
2013-11-01 17:50:07 WARN  main [properties.cpp:78] Property "intensity" was specified multiple times!
2013-11-01 17:50:07 INFO  main [PluginManager] Loading plugin "plugins/point.so" ..
2013-11-01 17:50:07 INFO  main [SerializedMesh] Loading shape 1 from "CubaTextured01Unadjusted.serialized" ..
2013-11-01 17:50:07 INFO  main [spectrum.cpp:585] "D65.spd": loaded a spectral power distribution with 81 entries (between 380.000000 and 780.000000 nm)
2013-11-01 17:50:07 WARN  main [properties.cpp:78] Property "intensity" was specified multiple times!
2013-11-01 17:50:07 INFO  main [PluginManager] Loading plugin "plugins/ldsampler.so" ..
2013-11-01 17:50:07 INFO  main [PluginManager] Loading plugin "plugins/gaussian.so" ..
2013-11-01 17:50:07 INFO  main [PluginManager] Loading plugin "plugins/hdrfilm.so" ..
2013-11-01 17:50:07 INFO  main [PluginManager] Loading plugin "plugins/perspective.so" ..
2013-11-01 17:50:07 INFO  ren0 [KDTreeBase] Constructing a SAH kd-tree (972 primitives) ..
2013-11-01 17:50:07 INFO  ren0 [KDTreeBase] Finished -- took 4 ms.
2013-11-01 17:50:07 INFO  ren0 [SamplingIntegrator] Starting render job (200x160, 8 samples, 8 cores, SSE2 enabled) ..
2013-11-01 17:50:08 INFO  ren0 [HDRFilm] Writing image to "/home2/brainard/render-toolbox-3/epic-scene-test/temp/MakeCubanSphereTextured/Mitsuba/CubaTextured05.exr" ..
2013-11-01 17:50:08 INFO  ren0 [RenderQueue] Render time: 1.1700s
2013-11-01 17:50:08 INFO  main [statistics.cpp:137] Statistics:
------------------------------------------------------------
 * Loaded plugins :
    -  plugins/bitmap.so [Bitmap texture]
    -  plugins/direct.so [Direct illumination integrator]
    -  plugins/directional.so [Directional emitter]
    -  plugins/gaussian.so [Gaussian reconstruction filter]
    -  plugins/hdrfilm.so [High dynamic range film]
    -  plugins/lanczos.so [Lanczos Sinc filter]
    -  plugins/ldsampler.so [Low discrepancy sampler]
    -  plugins/perspective.so [Perspective camera]
    -  plugins/point.so [Point emitter]
    -  plugins/roughplastic.so [Rough plastic BRDF]
    -  plugins/serialized.so [Serialized mesh loader]
    -  plugins/ward.so [Anisotropic Ward BRDF]

  * General :
    -  Normal rays traced : 833.278 K
    -  Shadow rays traced : 742.432 K

  * Texture system :
    -  Average EWA samples / lookup : 9.27 (8.91 M / 961.09 K)
    -  Cumulative MIP map memory allocations : 3.829 MiB
    -  Filtered texture lookups : 100.00 % (481.00 K of 481.00 K)
    -  Lookups with clamped anisotropy : 0.93 % (4.48 K of 481.00 K)
------------------------------------------------------------
2013-11-01 17:50:08 INFO  ren0 [RenderQueue] Render time: 1.2410s
2013-11-01 17:50:08 INFO  main [statistics.cpp:137] Statistics:
------------------------------------------------------------
 * Loaded plugins :
    -  plugins/bitmap.so [Bitmap texture]
    -  plugins/direct.so [Direct illumination integrator]
    -  plugins/directional.so [Directional emitter]
    -  plugins/gaussian.so [Gaussian reconstruction filter]
    -  plugins/hdrfilm.so [High dynamic range film]
    -  plugins/lanczos.so [Lanczos Sinc filter]
    -  plugins/ldsampler.so [Low discrepancy sampler]
    -  plugins/perspective.so [Perspective camera]
    -  plugins/point.so [Point emitter]
    -  plugins/roughplastic.so [Rough plastic BRDF]
    -  plugins/serialized.so [Serialized mesh loader]
    -  plugins/ward.so [Anisotropic Ward BRDF]

  * General :
    -  Normal rays traced : 895.671 K
    -  Shadow rays traced : 827.904 K

  * Texture system :
    -  Average EWA samples / lookup : 9.85 (10.58 M / 1.07 M)
    -  Cumulative MIP map memory allocations : 3.829 MiB
    -  Filtered texture lookups : 100.00 % (537.33 K of 537.33 K)
    -  Lookups with clamped anisotropy : 1.08 % (5.82 K of 537.33 K)
------------------------------------------------------------
2013-11-01 17:50:08 INFO  ren0 [RenderQueue] Render time: 0.8990s
2013-11-01 17:50:08 INFO  main [statistics.cpp:137] Statistics:
------------------------------------------------------------
 * Loaded plugins :
    -  plugins/bitmap.so [Bitmap texture]
    -  plugins/direct.so [Direct illumination integrator]
    -  plugins/directional.so [Directional emitter]
    -  plugins/gaussian.so [Gaussian reconstruction filter]
    -  plugins/hdrfilm.so [High dynamic range film]
    -  plugins/lanczos.so [Lanczos Sinc filter]
    -  plugins/ldsampler.so [Low discrepancy sampler]
    -  plugins/perspective.so [Perspective camera]
    -  plugins/point.so [Point emitter]
    -  plugins/roughplastic.so [Rough plastic BRDF]
    -  plugins/serialized.so [Serialized mesh loader]
    -  plugins/ward.so [Anisotropic Ward BRDF]

  * General :
    -  Normal rays traced : 569.368 K
    -  Shadow rays traced : 357.568 K

  * Texture system :
    -  Average EWA samples / lookup : 8.56 (3.48 M / 406.80 K)
    -  Cumulative MIP map memory allocations : 3.829 MiB
    -  Filtered texture lookups : 100.00 % (204.14 K of 204.14 K)
    -  Lookups with clamped anisotropy : 1.03 % (2.10 K of 204.14 K)
------------------------------------------------------------
2013-11-01 17:50:08 INFO  ren0 [RenderQueue] Render time: 1.3640s
2013-11-01 17:50:08 INFO  main [statistics.cpp:137] Statistics:
------------------------------------------------------------
 * Loaded plugins :
    -  plugins/bitmap.so [Bitmap texture]
    -  plugins/direct.so [Direct illumination integrator]
    -  plugins/directional.so [Directional emitter]
    -  plugins/gaussian.so [Gaussian reconstruction filter]
    -  plugins/hdrfilm.so [High dynamic range film]
    -  plugins/lanczos.so [Lanczos Sinc filter]
    -  plugins/ldsampler.so [Low discrepancy sampler]
    -  plugins/perspective.so [Perspective camera]
    -  plugins/point.so [Point emitter]
    -  plugins/roughplastic.so [Rough plastic BRDF]
    -  plugins/serialized.so [Serialized mesh loader]
    -  plugins/ward.so [Anisotropic Ward BRDF]

  * General :
    -  Normal rays traced : 657.557 K
    -  Shadow rays traced : 493.888 K

  * Texture system :
    -  Average EWA samples / lookup : 10.30 (6.63 M / 643.67 K)
    -  Cumulative MIP map memory allocations : 3.829 MiB
    -  Filtered texture lookups : 100.00 % (322.38 K of 322.38 K)
    -  Lookups with clamped anisotropy : 0.81 % (2.60 K of 322.38 K)
------------------------------------------------------------
