2013-11-01 17:34:04 INFO  main [mitsuba.cpp:256] Mitsuba version 0.4.4 (Linux, 64 bit), Copyright (c) 2013 Wenzel Jakob
2013-11-01 17:34:04 INFO  main [mitsuba.cpp:360] Parsing scene description from "/home2/brainard/render-toolbox-3/epic-scene-test/temp/MakeCheckerboard/Mitsuba/Checkerboard-001.xml" ..
2013-11-01 17:34:04 INFO  main [spectrum.cpp:585] "mccBabel-11.spd": loaded a spectral power distribution with 36 entries (between 380.000000 and 730.000000 nm)
2013-11-01 17:34:04 INFO  main [spectrum.cpp:585] "mccBabel-3.spd": loaded a spectral power distribution with 36 entries (between 380.000000 and 730.000000 nm)
2013-11-01 17:34:04 INFO  main [PluginManager] Loading plugin "plugins/checkerboard.so" ..
2013-11-01 17:34:04 INFO  main [PluginManager] Loading plugin "plugins/direct.so" ..
2013-11-01 17:34:04 INFO  main [PluginManager] Loading plugin "plugins/diffuse.so" ..
2013-11-01 17:34:04 INFO  main [PluginManager] Loading plugin "plugins/serialized.so" ..
2013-11-01 17:34:04 INFO  main [SerializedMesh] Loading shape 0 from "Checkerboard-002Unadjusted.serialized" ..
2013-11-01 17:34:04 INFO  main [spectrum.cpp:585] "D65.spd": loaded a spectral power distribution with 81 entries (between 380.000000 and 780.000000 nm)
2013-11-01 17:34:04 WARN  main [properties.cpp:78] Property "irradiance" was specified multiple times!
2013-11-01 17:34:04 INFO  main [PluginManager] Loading plugin "plugins/directional.so" ..
2013-11-01 17:34:04 INFO  main [SerializedMesh] Loading shape 1 from "Checkerboard-001Unadjusted.serialized" ..
2013-11-01 17:34:04 INFO  main [PluginManager] Loading plugin "plugins/ldsampler.so" ..
2013-11-01 17:34:04 INFO  main [PluginManager] Loading plugin "plugins/gaussian.so" ..
2013-11-01 17:34:04 INFO  main [PluginManager] Loading plugin "plugins/hdrfilm.so" ..
2013-11-01 17:34:04 INFO  main [PluginManager] Loading plugin "plugins/perspective.so" ..
2013-11-01 17:34:04 INFO  ren0 [KDTreeBase] Constructing a SAH kd-tree (4 primitives) ..
2013-11-01 17:34:04 INFO  ren0 [KDTreeBase] Finished -- took 0 ms.
2013-11-01 17:34:04 INFO  ren0 [SamplingIntegrator] Starting render job (640x480, 8 samples, 8 cores, SSE2 enabled) ..
2013-11-01 17:34:08 INFO  ren0 [HDRFilm] Writing image to "/home2/brainard/render-toolbox-3/epic-scene-test/temp/MakeCheckerboard/Mitsuba/Checkerboard-002.exr" ..
2013-11-01 17:34:08 INFO  ren0 [RenderQueue] Render time: 3.5170s
2013-11-01 17:34:08 INFO  main [statistics.cpp:137] Statistics:
------------------------------------------------------------
 * Loaded plugins :
    -  plugins/checkerboard.so [Checkerboard texture]
    -  plugins/diffuse.so [Smooth diffuse BRDF]
    -  plugins/direct.so [Direct illumination integrator]
    -  plugins/directional.so [Directional emitter]
    -  plugins/gaussian.so [Gaussian reconstruction filter]
    -  plugins/hdrfilm.so [High dynamic range film]
    -  plugins/ldsampler.so [Low discrepancy sampler]
    -  plugins/perspective.so [Perspective camera]
    -  plugins/serialized.so [Serialized mesh loader]

  * General :
    -  Normal rays traced : 8.095 M
    -  Shadow rays traced : 5.637 M
------------------------------------------------------------
2013-11-01 17:34:08 INFO  ren0 [RenderQueue] Render time: 3.6290s
2013-11-01 17:34:08 INFO  main [statistics.cpp:137] Statistics:
------------------------------------------------------------
 * Loaded plugins :
    -  plugins/checkerboard.so [Checkerboard texture]
    -  plugins/diffuse.so [Smooth diffuse BRDF]
    -  plugins/direct.so [Direct illumination integrator]
    -  plugins/directional.so [Directional emitter]
    -  plugins/gaussian.so [Gaussian reconstruction filter]
    -  plugins/hdrfilm.so [High dynamic range film]
    -  plugins/ldsampler.so [Low discrepancy sampler]
    -  plugins/perspective.so [Perspective camera]
    -  plugins/serialized.so [Serialized mesh loader]

  * General :
    -  Normal rays traced : 8.095 M
    -  Shadow rays traced : 5.638 M
------------------------------------------------------------
