2013-07-26 17:32:20 INFO  main [mitsuba.cpp:256] Mitsuba version 0.4.4 (Linux, 64 bit), Copyright (c) 2013 Wenzel Jakob
2013-07-26 17:32:20 INFO  main [mitsuba.cpp:360] Parsing scene description from "/home2/brainard/render-toolbox-3/epic-scene-test/temp/MakeDragonGraded/Mitsuba/GradedDragon-2.xml" ..
2013-07-26 17:32:20 INFO  main [PluginManager] Loading plugin "plugins/path.so" ..
2013-07-26 17:32:20 WARN  main [scenehandler.cpp:761] Near file offset 223: Unqueried attribute "shadingSamples" in element "integrator"
2013-07-26 17:32:20 INFO  main [PluginManager] Loading plugin "plugins/diffuse.so" ..
2013-07-26 17:32:20 INFO  main [spectrum.cpp:585] "GradedSpectrum-4.spd": loaded a spectral power distribution with 36 entries (between 380.000000 and 730.000000 nm)
2013-07-26 17:32:20 INFO  main [spectrum.cpp:585] "D65.spd": loaded a spectral power distribution with 81 entries (between 380.000000 and 780.000000 nm)
2013-07-26 17:32:20 INFO  main [PluginManager] Loading plugin "plugins/area.so" ..
2013-07-26 17:32:20 INFO  main [PluginManager] Loading plugin "plugins/serialized.so" ..
2013-07-26 17:32:20 INFO  main [SerializedMesh] Loading shape 0 from "GradedDragon-4Unadjusted.serialized" ..
2013-07-26 17:32:20 INFO  main [spectrum.cpp:585] "D65.spd": loaded a spectral power distribution with 81 entries (between 380.000000 and 780.000000 nm)
2013-07-26 17:32:20 INFO  main [SerializedMesh] Loading shape 1 from "GradedDragon-4Unadjusted.serialized" ..
2013-07-26 17:32:20 INFO  main [SerializedMesh] Loading shape 2 from "GradedDragon-4Unadjusted.serialized" ..
2013-07-26 17:32:20 INFO  main [SerializedMesh] Loading shape 3 from "GradedDragon-4Unadjusted.serialized" ..
2013-07-26 17:32:20 INFO  main [SerializedMesh] Loading shape 4 from "GradedDragon-4Unadjusted.serialized" ..
2013-07-26 17:32:20 INFO  main [SerializedMesh] Loading shape 5 from "GradedDragon-4Unadjusted.serialized" ..
2013-07-26 17:32:20 INFO  main [SerializedMesh] Loading shape 6 from "GradedDragon-4Unadjusted.serialized" ..
2013-07-26 17:32:20 INFO  main [PluginManager] Loading plugin "plugins/ldsampler.so" ..
2013-07-26 17:32:20 INFO  main [PluginManager] Loading plugin "plugins/gaussian.so" ..
2013-07-26 17:32:20 INFO  main [PluginManager] Loading plugin "plugins/hdrfilm.so" ..
2013-07-26 17:32:20 INFO  main [PluginManager] Loading plugin "plugins/perspective.so" ..
2013-07-26 17:32:20 INFO  ren0 [KDTreeBase] Constructing a SAH kd-tree (100042 primitives) ..
2013-07-26 17:32:21 INFO  ren0 [KDTreeBase] Finished -- took 1035 ms.
2013-07-26 17:32:21 INFO  ren0 [SamplingIntegrator] Starting render job (320x240, 512 samples, 8 cores, SSE2 enabled) ..2013-07-26 17:35:21 INFO  ren0 [HDRFilm] Writing image to "/home2/brainard/render-toolbox-3/epic-scene-test/temp/MakeDragonGraded/Mitsuba/GradedDragon-2.exr" ..

013-07-26 17:35:13 INFO  ren0 [RenderQueue] Render time: 2.8880m
2013-07-26 17:35:13 INFO  main [statistics.cpp:137] Statistics:
------------------------------------------------------------
 * Loaded plugins :
    -  plugins/area.so [Area light]
    -  plugins/diffuse.so [Smooth diffuse BRDF]
    -  plugins/gaussian.so [Gaussian reconstruction filter]
    -  plugins/hdrfilm.so [High dynamic range film]
    -  plugins/ldsampler.so [Low discrepancy sampler]
    -  plugins/path.so [MI path tracer]
    -  plugins/perspective.so [Perspective camera]
    -  plugins/serialized.so [Serialized mesh loader]

  * General :
    -  Normal rays traced : 155.538 M
    -  Shadow rays traced : 98.837 M

  * Path tracer :
    -  Average path length : 3.19 (125.25 M / 39.32 M)
------------------------------------------------------------
2013-07-26 17:35:15 INFO  ren0 [RenderQueue] Render time: 2.9206m
2013-07-26 17:35:15 INFO  main [statistics.cpp:137] Statistics:
------------------------------------------------------------
 * Loaded plugins :
    -  plugins/area.so [Area light]
    -  plugins/diffuse.so [Smooth diffuse BRDF]
    -  plugins/gaussian.so [Gaussian reconstruction filter]
    -  plugins/hdrfilm.so [High dynamic range film]
    -  plugins/ldsampler.so [Low discrepancy sampler]
    -  plugins/path.so [MI path tracer]
    -  plugins/perspective.so [Perspective camera]
    -  plugins/serialized.so [Serialized mesh loader]

  * General :
    -  Normal rays traced : 155.439 M
    -  Shadow rays traced : 98.756 M

  * Path tracer :
    -  Average path length : 3.18 (125.17 M / 39.32 M)
------------------------------------------------------------
2013-07-26 17:35:17 INFO  ren0 [RenderQueue] Render time: 2.9573m
2013-07-26 17:35:17 INFO  main [statistics.cpp:137] Statistics:
------------------------------------------------------------
 * Loaded plugins :
    -  plugins/area.so [Area light]
    -  plugins/diffuse.so [Smooth diffuse BRDF]
    -  plugins/gaussian.so [Gaussian reconstruction filter]
    -  plugins/hdrfilm.so [High dynamic range film]
    -  plugins/ldsampler.so [Low discrepancy sampler]
    -  plugins/path.so [MI path tracer]
    -  plugins/perspective.so [Perspective camera]
    -  plugins/serialized.so [Serialized mesh loader]

  * General :
    -  Normal rays traced : 155.499 M
    -  Shadow rays traced : 98.798 M

  * Path tracer :
    -  Average path length : 3.18 (125.22 M / 39.32 M)
------------------------------------------------------------
2013-07-26 17:35:21 INFO  ren0 [RenderQueue] Render time: 3.0183m
2013-07-26 17:35:21 INFO  main [statistics.cpp:137] Statistics:
------------------------------------------------------------
 * Loaded plugins :
    -  plugins/area.so [Area light]
    -  plugins/diffuse.so [Smooth diffuse BRDF]
    -  plugins/gaussian.so [Gaussian reconstruction filter]
    -  plugins/hdrfilm.so [High dynamic range film]
    -  plugins/ldsampler.so [Low discrepancy sampler]
    -  plugins/path.so [MI path tracer]
    -  plugins/perspective.so [Perspective camera]
    -  plugins/serialized.so [Serialized mesh loader]

  * General :
    -  Normal rays traced : 155.471 M
    -  Shadow rays traced : 98.782 M

  * Path tracer :
    -  Average path length : 3.18 (125.20 M / 39.32 M)
------------------------------------------------------------
