2013-11-01 17:56:40 INFO  main [mitsuba.cpp:256] Mitsuba version 0.4.4 (Linux, 64 bit), Copyright (c) 2013 Wenzel Jakob
2013-11-01 17:56:40 INFO  main [mitsuba.cpp:360] Parsing scene description from "/home2/brainard/render-toolbox-3/epic-scene-test/temp/MakeDragonGraded/Mitsuba/GradedDragon-5.xml" ..
2013-11-01 17:56:40 INFO  main [PluginManager] Loading plugin "plugins/path.so" ..
2013-11-01 17:56:40 WARN  main [scenehandler.cpp:761] Near file offset 223: Unqueried attribute "shadingSamples" in element "integrator"
2013-11-01 17:56:40 INFO  main [PluginManager] Loading plugin "plugins/diffuse.so" ..
2013-11-01 17:56:40 INFO  main [spectrum.cpp:585] "GradedSpectrum-5.spd": loaded a spectral power distribution with 36 entries (between 380.000000 and 730.000000 nm)
2013-11-01 17:56:40 INFO  main [spectrum.cpp:585] "D65.spd": loaded a spectral power distribution with 81 entries (between 380.000000 and 780.000000 nm)
2013-11-01 17:56:40 INFO  main [PluginManager] Loading plugin "plugins/area.so" ..
2013-11-01 17:56:40 INFO  main [PluginManager] Loading plugin "plugins/serialized.so" ..
2013-11-01 17:56:40 INFO  main [SerializedMesh] Loading shape 0 from "GradedDragon-5Unadjusted.serialized" ..
2013-11-01 17:56:40 INFO  main [spectrum.cpp:585] "D65.spd": loaded a spectral power distribution with 81 entries (between 380.000000 and 780.000000 nm)
2013-11-01 17:56:40 INFO  main [SerializedMesh] Loading shape 1 from "GradedDragon-5Unadjusted.serialized" ..
2013-11-01 17:56:40 INFO  main [SerializedMesh] Loading shape 2 from "GradedDragon-5Unadjusted.serialized" ..
2013-11-01 17:56:40 INFO  main [SerializedMesh] Loading shape 3 from "GradedDragon-5Unadjusted.serialized" ..
2013-11-01 17:56:40 INFO  main [SerializedMesh] Loading shape 4 from "GradedDragon-5Unadjusted.serialized" ..
2013-11-01 17:56:40 INFO  main [SerializedMesh] Loading shape 5 from "GradedDragon-5Unadjusted.serialized" ..
2013-11-01 17:56:40 INFO  main [SerializedMesh] Loading shape 6 from "GradedDragon-5Unadjusted.serialized" ..
2013-11-01 17:56:40 INFO  main [PluginManager] Loading plugin "plugins/ldsampler.so" ..
2013-11-01 17:56:40 INFO  main [PluginManager] Loading plugin "plugins/gaussian.so" ..
2013-11-01 17:56:40 INFO  main [PluginManager] Loading plugin "plugins/hdrfilm.so" ..
2013-11-01 17:56:40 INFO  main [PluginManager] Loading plugin "plugins/perspective.so" ..
2013-11-01 17:56:41 INFO  ren0 [KDTreeBase] Constructing a SAH kd-tree (100042 primitives) ..
2013-11-01 17:56:48 INFO  ren0 [KDTreeBase] Finished -- took 7857 ms.
2013-11-01 17:56:48 INFO  ren0 [SamplingIntegrator] Starting render job (320x240, 512 samples, 8 cores, SSE2 enabled) ..
2013-11-01 18:00:45 INFO  ren0 [HDRFilm] Writing image to "/home2/brainard/render-toolbox-3/epic-scene-test/temp/MakeDragonGraded/Mitsuba/GradedDragon-6.exr" ..
2013-11-01 18:00:37 INFO  ren0 [RenderQueue] Render time: 3.9396m
2013-11-01 18:00:37 INFO  main [statistics.cpp:137] Statistics:
------------------------------------------------------------
 * Loaded plugins :
    -  plugins/area.so [Area light]
    -  plugins/diffuse.so [Smooth diffuse BRDF]
    -  plugins/gaussian.so [Gaussian reconstruction filter]
    -  plugins/hdrfilm.so [High dynamic range film]
    -  plugins/ldsampler.so [Low discrepancy sampler]
    -  plugins/path.so [MI path tracer]
    -  plugins/perspective.so [Perspective camera]
    -  plugins/serialized.so [Serialized mesh loader]

  * General :
    -  Normal rays traced : 155.588 M
    -  Shadow rays traced : 98.875 M

  * Path tracer :
    -  Average path length : 3.19 (125.29 M / 39.32 M)
------------------------------------------------------------
2013-11-01 18:00:45 INFO  ren0 [RenderQueue] Render time: 4.0972m
2013-11-01 18:00:45 INFO  main [statistics.cpp:137] Statistics:
------------------------------------------------------------
 * Loaded plugins :
    -  plugins/area.so [Area light]
    -  plugins/diffuse.so [Smooth diffuse BRDF]
    -  plugins/gaussian.so [Gaussian reconstruction filter]
    -  plugins/hdrfilm.so [High dynamic range film]
    -  plugins/ldsampler.so [Low discrepancy sampler]
    -  plugins/path.so [MI path tracer]
    -  plugins/perspective.so [Perspective camera]
    -  plugins/serialized.so [Serialized mesh loader]

  * General :
    -  Normal rays traced : 155.621 M
    -  Shadow rays traced : 98.910 M

  * Path tracer :
    -  Average path length : 3.19 (125.32 M / 39.32 M)
------------------------------------------------------------
