2013-07-26 17:27:05 INFO  main [mitsuba.cpp:256] Mitsuba version 0.4.4 (Linux, 64 bit), Copyright (c) 2013 Wenzel Jakob
2013-07-26 17:27:05 INFO  main [mitsuba.cpp:360] Parsing scene description from "/home2/brainard/render-toolbox-3/epic-scene-test/temp/MakeDice/Mitsuba/Dice-001.xml" ..
2013-07-26 17:27:05 INFO  main [PluginManager] Loading plugin "plugins/bitmap.so" ..
2013-07-26 17:27:05 INFO  main [BitmapTexture] Loading texture "DiceUVColored.exr"
2013-07-26 17:27:05 INFO  main [PluginManager] Loading plugin "plugins/lanczos.so" ..
2013-07-26 17:27:05 INFO  main [PluginManager] Loading plugin "plugins/direct.so" ..
2013-07-26 17:27:05 INFO  main [spectrum.cpp:585] "mccBabel-1.spd": loaded a spectral power distribution with 36 entries (between 380.000000 and 730.000000 nm)
2013-07-26 17:27:05 INFO  main [PluginManager] Loading plugin "plugins/diffuse.so" ..
2013-07-26 17:27:05 INFO  main [PluginManager] Loading plugin "plugins/ward.so" ..
2013-07-26 17:27:05 INFO  main [spectrum.cpp:585] "D65.spd": loaded a spectral power distribution with 81 entries (between 380.000000 and 780.000000 nm)
2013-07-26 17:27:05 WARN  main [properties.cpp:78] Property "irradiance" was specified multiple times!
2013-07-26 17:27:05 INFO  main [PluginManager] Loading plugin "plugins/directional.so" ..
2013-07-26 17:27:05 INFO  main [PluginManager] Loading plugin "plugins/serialized.so" ..
2013-07-26 17:27:05 INFO  main [SerializedMesh] Loading shape 0 from "Dice-001Unadjusted.serialized" ..
2013-07-26 17:27:05 INFO  main [SerializedMesh] Loading shape 1 from "Dice-001Unadjusted.serialized" ..
2013-07-26 17:27:05 INFO  main [SerializedMesh] Loading shape 2 from "Dice-001Unadjusted.serialized" ..
2013-07-26 17:27:05 INFO  main [SerializedMesh] Loading shape 3 from "Dice-001Unadjusted.serialized" ..
2013-07-26 17:27:05 INFO  main [SerializedMesh] Loading shape 4 from "Dice-001Unadjusted.serialized" ..
2013-07-26 17:27:05 INFO  main [spectrum.cpp:585] "D65.spd": loaded a spectral power distribution with 81 entries (between 380.000000 and 780.000000 nm)
2013-07-26 17:27:05 WARN  main [properties.cpp:78] Property "intensity" was specified multiple times!
2013-07-26 17:27:05 INFO  main [PluginManager] Loading plugin "plugins/point.so" ..
2013-07-26 17:27:05 INFO  main [PluginManager] Loading plugin "plugins/ldsampler.so" ..
2013-07-26 17:27:05 INFO  main [PluginManager] Loading plugin "plugins/gaussian.so" ..
2013-07-26 17:27:05 INFO  main [PluginManager] Loading plugin "plugins/hdrfilm.so" ..
2013-07-26 17:27:05 INFO  main [PluginManager] Loading plugin "plugins/perspective.so" ..
2013-07-26 17:27:05 INFO  ren0 [KDTreeBase] Constructing a SAH kd-tree (724994 primitives) ..
2013-07-26 17:27:07 INFO  ren0 [KDTreeBase] Finished -- took 1881 ms.
2013-07-26 17:27:07 INFO  ren0 [SamplingIntegrator] Starting render job (640x480, 8 samples, 8 cores, SSE2 enabled) ..
2013-07-26 17:27:26 INFO  ren0 [HDRFilm] Writing image to "/home2/brainard/render-toolbox-3/epic-scene-test/temp/MakeDice/Mitsuba/Dice-001.exr" ..
2013-07-26 17:27:27 INFO  ren0 [RenderQueue] Render time: 21.2150s
2013-07-26 17:27:27 INFO  main [statistics.cpp:137] Statistics:
------------------------------------------------------------
 * Loaded plugins :
    -  plugins/bitmap.so [Bitmap texture]
    -  plugins/diffuse.so [Smooth diffuse BRDF]
    -  plugins/direct.so [Direct illumination integrator]
    -  plugins/directional.so [Directional emitter]
    -  plugins/gaussian.so [Gaussian reconstruction filter]
    -  plugins/hdrfilm.so [High dynamic range film]
    -  plugins/lanczos.so [Lanczos Sinc filter]
    -  plugins/ldsampler.so [Low discrepancy sampler]
    -  plugins/perspective.so [Perspective camera]
    -  plugins/point.so [Point emitter]
    -  plugins/serialized.so [Serialized mesh loader]
    -  plugins/ward.so [Anisotropic Ward BRDF]

  * General :
    -  Normal rays traced : 39.247 M
    -  Shadow rays traced : 36.793 M

  * Texture system :
    -  Average EWA samples / lookup : 4.78 (234.05 M / 48.98 M)
    -  Cumulative MIP map memory allocations : 8 MiB
    -  Filtered texture lookups : 100.00 % (34.27 M of 34.27 M)
    -  Lookups with clamped anisotropy : 0.08 % (27.54 K of 34.27 M)
------------------------------------------------------------
