2013-11-01 18:40:12 INFO  main [mitsuba.cpp:256] Mitsuba version 0.4.4 (Linux, 64 bit), Copyright (c) 2013 Wenzel Jakob
2013-11-01 18:40:12 INFO  main [mitsuba.cpp:360] Parsing scene description from "/home2/brainard/render-toolbox-3/epic-scene-test/temp/MakeMaterialSphereBumps/Mitsuba/materialSphereMatte.xml" ..22013-11-01 18:40:12 INFO  main [spectrum.cpp:585] "mccBabel-11.spd": loaded a spectral power distribution with 36 entries (between 380.000000 and 730.000000 nm)
2013-11-01 18:40:12 INFO  main [PluginManager] Loading plugin "plugins/diffuse.so" ..
2013-11-01 18:40:12 INFO  main [PluginManager] Loading plugin "plugins/bitmap.so" ..
2013-11-01 18:40:12 INFO  main [BitmapTexture] Loading texture "earthbump1k-stretch-rgb.2013-11-01 18:40:12 INFO  main [PluginManager] Loading plugin "plugins/lanczos.so" ..
2013-2013-11-01 18:40:12 INFO  main [PluginManager] Loading plugin "plugins/scale.so2013-2013-11-01 18:40:12 INFO  main [PluginManager] Loading plugin "plugins/direct.so2013-2013-11-01 18:40:12 INFO  main [PluginManager] Loading plugin "plugins/bump.so2013-11-01 18:40:12 INFO  main [PluginManager] Loading plugin "plugins/point.so" ..
2013-11-01 18:40:12 INFO  main [PluginManager] Loading plugin "plugins/serialized.so" ..
2013-11-01 18:40:12 INFO  main [SerializedMesh] Loading shape 0 from "materialSphereWardUnadjusted.serialized" ..
2013-11-01 18:40:12 INFO  main [PluginManager] Loading plugin "plugins/ldsampler.so" ..
2013-11-01 18:40:12 INFO  main [PluginManager] Loading plugin "plugins/gaussian.so" ..
2013-11-01 18:40:12 INFO  main [PluginManager] Loading plugin "plugins/hdrfilm.so" ..
2013-11-01 18:40:12 INFO  main [PluginManager] Loading plugin "plugins/perspective.so" ..
2013-11-01 18:40:12 INFO  ren0 [KDTreeBase] Constructing a SAH kd-tree (5120 primitives) ..
2013-11-01 18:40:12 INFO  ren0 [KDTreeBase] Finished -- took 40 ms.
2013-11-01 18:40:12 INFO  ren0 [SamplingIntegrator] Starting render job (200x160, 8 samples, 8 cores, SSE2 enabled) ..
2013-11-01 18:40:16 INFO  ren0 [HDRFilm] Writing image to "/home2/brainard/render-toolbox-3/epic-scene-test/temp/MakeMaterialSphereBumps/Mitsuba/materialSphereWard.exr" ..
xr" ..
ective.so" ..
2013-11-01 18:40:12 INFO  ren0 [KDTreeBase] Constructing a SAH kd-tree (5120 primitives) ..
2013-11-01 18:40:12 INFO  ren0 [KDTreeBase] Finished -- took 41 ms.
2013-11-01 18:40:12 INFO  ren0 [SamplingIntegrator] Starting render job (200x160, 8 samples, 8 cores, SSE2 enabled) ..
2013-11-01 18:40:15 INFO  ren0 [HDRFilm] Writing image to "/home2/brainard/render-toolbox-3/epic-scene-test/temp/MakeMaterialSphereBumps/Mitsuba/materialSphereMetal.exr" ..
2013-11-01 18:40:15 INFO  ren0 [RenderQueue] Render time: 2.4820s
2013-11-01 18:40:15 INFO  main [statistics.cpp:137] Statistics:
------------------------------------------------------------
 * Loaded plugins :
    -  plugins/bitmap.so [Bitmap texture]
    -  plugins/bump.so [Smooth dielectric coating]
    -  plugins/direct.so [Direct illumination integrator]
    -  plugins/gaussian.so [Gaussian reconstruction filter]
    -  plugins/hdrfilm.so [High dynamic range film]
    -  plugins/lanczos.so [Lanczos Sinc filter]
    -  plugins/ldsampler.so [Low discrepancy sampler]
    -  plugins/perspective.so [Perspective camera]
    -  plugins/point.so [Point emitter]
    -  plugins/roughconductor.so [Rough conductor BRDF]
    -  plugins/scale.so [Scaling texture]
    -  plugins/serialized.so [Serialized mesh loader]

  * General :
    -  Normal rays traced : 1.542 M
    -  Shadow rays traced : 1.601 M

  * Texture system :
    -  Cumulative MIP map memory allocations : 3.829 MiB
    -  Filtered texture lookups : 0.00 % (0.00 of 8.89 M)
------------------------------------------------------------
2013-11-01 18:40:16 INFO  ren0 [RenderQueue] Render time: 3.6820s
2013-11-01 18:40:16 INFO  main [statistics.cpp:137] Statistics:
------------------------------------------------------------
 * Loaded plugins :
    -  plugins/bitmap.so [Bitmap texture]
    -  plugins/bump.so [Smooth dielectric coating]
    -  plugins/diffuse.so [Smooth diffuse BRDF]
    -  plugins/direct.so [Direct illumination integrator]
    -  plugins/gaussian.so [Gaussian reconstruction filter]
    -  plugins/hdrfilm.so [High dynamic range film]
    -  plugins/lanczos.so [Lanczos Sinc filter]
    -  plugins/ldsampler.so [Low discrepancy sampler]
    -  plugins/perspective.so [Perspective camera]
    -  plugins/point.so [Point emitter]
    -  plugins/scale.so [Scaling texture]
    -  plugins/serialized.so [Serialized mesh loader]

  * General :
    -  Normal rays traced : 1.786 M
    -  Shadow rays traced : 1.602 M

  * Texture system :
    -  Cumulative MIP map memory allocations : 3.829 MiB
    -  Filtered texture lookups : 0.00 % (0.00 of 8.89 M)
------------------------------------------------------------
2013-11-01 18:40:16 INFO  ren0 [RenderQueue] Render time: 3.8800s
2013-11-01 18:40:16 INFO  main [statistics.cpp:137] Statistics:
------------------------------------------------------------
 * Loaded plugins :
    -  plugins/bitmap.so [Bitmap texture]
    -  plugins/bump.so [Smooth dielectric coating]
    -  plugins/direct.so [Direct illumination integrator]
    -  plugins/gaussian.so [Gaussian reconstruction filter]
    -  plugins/hdrfilm.so [High dynamic range film]
    -  plugins/lanczos.so [Lanczos Sinc filter]
    -  plugins/ldsampler.so [Low discrepancy sampler]
    -  plugins/perspective.so [Perspective camera]
    -  plugins/point.so [Point emitter]
    -  plugins/scale.so [Scaling texture]
    -  plugins/serialized.so [Serialized mesh loader]
    -  plugins/ward.so [Anisotropic Ward BRDF]

  * General :
    -  Normal rays traced : 1.712 M
    -  Shadow rays traced : 1.601 M

  * Texture system :
    -  Cumulative MIP map memory allocations : 3.829 MiB
    -  Filtered texture lookups : 0.00 % (0.00 of 8.89 M)
------------------------------------------------------------
