2013-11-01 18:43:32 INFO  main [mitsuba.cpp:256] Mitsuba version 0.4.4 (Linux, 64 bit), Copyright (c) 2013 Wenzel Jakob
2013-11-01 18:43:32 INFO  main [mitsuba.cpp:360] Parsing scene description from "/home2/brainard/render-toolbox-3/epic-scene-test/temp/MakeSpectralIllusion/Mitsuba/initial.xml" ..
2013-11-01 18:43:32 INFO  main [PluginManager] Loading plugin "plugins/path.so" ..
2013-11-01 18:43:32 WARN  main [scenehandler.cpp:761] Near file offset 223: Unqueried attribute "shadingSamples" in element "integrator"
2013-11-01 18:43:32 INFO  main [spectrum.cpp:585] "mccBabel-2.spd": loaded a spectral power distribution with 36 entries (between 380.000000 and 730.000000 nm)
2013-11-01 18:43:32 INFO  main [PluginManager] Loading plugin "plugins/diffuse.so" ..
2013-11-01 18:43:32 INFO  main [spectrum.cpp:585] "mccBabel-1.spd": loaded a spectral power distribution with 36 entries (between 380.000000 and 730.000000 nm)
2013-11-01 18:43:32 INFO  main [spectrum.cpp:585] "mccBabel-3.spd": loaded a spectral power distribution with 36 entries (between 380.000000 and 730.000000 nm)
2013-11-01 18:43:32 INFO  main [spectrum.cpp:585] "mccBabel-4.spd": loaded a spectral power distribution with 36 entries (between 380.000000 and 730.000000 nm)
2013-11-01 18:43:32 INFO  main [spectrum.cpp:585] "mccBabel-5.spd": loaded a spectral power distribution with 36 entries (between 380.000000 and 730.000000 nm)
2013-11-01 18:43:32 INFO  main [spectrum.cpp:585] "mccBabel-6.spd": loaded a spectral power distribution with 36 entries (between 380.000000 and 730.000000 nm)
2013-11-01 18:43:32 INFO  main [spectrum.cpp:585] "mccBabel-7.spd": loaded a spectral power distribution with 36 entries (between 380.000000 and 730.000000 nm)
2013-11-01 18:43:32 INFO  main [spectrum.cpp:585] "mccBabel-8.spd": loaded a spectral power distribution with 36 entries (between 380.000000 and 730.000000 nm)
2013-11-01 18:43:32 INFO  main [spectrum.cpp:585] "mccBabel-9.spd": loaded a spectral power distribution with 36 entries (between 380.000000 and 730.000000 nm)
2013-11-01 18:43:32 INFO  main [spectrum.cpp:585] "mccBabel-10.spd": loaded a spectral power distribution with 36 entries (between 380.000000 and 730.000000 nm)
2013-11-01 18:43:32 INFO  main [spectrum.cpp:585] "mccBabel-11.spd": loaded a spectral power distribution with 36 entries (between 380.000000 and 730.000000 nm)
2013-11-01 18:43:32 INFO  main [spectrum.cpp:585] "mccBabel-12.spd": loaded a spectral power distribution with 36 entries (between 380.000000 and 730.000000 nm)
2013-11-01 18:43:32 INFO  main [spectrum.cpp:585] "mccBabel-13.spd": loaded a spectral power distribution with 36 entries (between 380.000000 and 730.000000 nm)
2013-11-01 18:43:32 INFO  main [spectrum.cpp:585] "mccBabel-14.spd": loaded a spectral power distribution with 36 entries (between 380.000000 and 730.000000 nm)
2013-11-01 18:43:33 INFO  main [spectrum.cpp:585] "mccBabel-15.spd": loaded a spectral power distribution with 36 entries (between 380.000000 and 730.000000 nm)
2013-11-01 18:43:33 INFO  main [spectrum.cpp:585] "mccBabel-16.spd": loaded a spectral power distribution with 36 entries (between 380.000000 and 730.000000 nm)
2013-11-01 18:43:33 INFO  main [spectrum.cpp:585] "mccBabel-17.spd": loaded a spectral power distribution with 36 entries (between 380.000000 and 730.000000 nm)
2013-11-01 18:43:33 INFO  main [spectrum.cpp:585] "mccBabel-18.spd": loaded a spectral power distribution with 36 entries (between 380.000000 and 730.000000 nm)
2013-11-01 18:43:33 INFO  main [spectrum.cpp:585] "mccBabel-19.spd": loaded a spectral power distribution with 36 entries (between 380.000000 and 730.000000 nm)
2013-11-01 18:43:33 INFO  main [spectrum.cpp:585] "mccBabel-20.spd": loaded a spectral power distribution with 36 entries (between 380.000000 and 730.000000 nm)
2013-11-01 18:43:33 INFO  main [spectrum.cpp:585] "mccBabel-21.spd": loaded a spectral power distribution with 36 entries (between 380.000000 and 730.000000 nm)
2013-11-01 18:43:33 INFO  main [spectrum.cpp:585] "mccBabel-22.spd": loaded a spectral power distribution with 36 entries (between 380.000000 and 730.000000 nm)
2013-11-01 18:43:33 INFO  main [spectrum.cpp:585] "mccBabel-23.spd": loaded a spectral power distribution with 36 entries (between 380.000000 and 730.000000 nm)
2013-11-01 18:43:33 INFO  main [spectrum.cpp:585] "mccBabel-24.spd": loaded a spectral power distribution with 36 entries (between 380.000000 and 730.000000 nm)
2013-11-01 18:43:33 INFO  main [spectrum.cpp:585] "SpectralIllusionTarget.spd": loaded a spectral power distribution with 36 entries (between 380.000000 and 730.000000 nm)
2013-11-01 18:43:33 INFO  main [spectrum.cpp:585] "mccBabel-4.spd": loaded a spectral power distribution with 36 entries (between 380.000000 and 730.000000 nm)
2013-11-01 18:43:33 INFO  main [spectrum.cpp:585] "mccBabel-5.spd": loaded a spectral power distribution with 36 entries (between 380.000000 and 730.000000 nm)
2013-11-01 18:43:33 INFO  main [PluginManager] Loading plugin "plugins/serialized.so" ..
2013-11-01 18:43:33 INFO  main [SerializedMesh] Loading shape 0 from "initialUnadjusted.serialized" ..
2013-11-01 18:43:33 INFO  main [SerializedMesh] Loading shape 1 from "initialUnadjusted.serialized" ..
2013-11-01 18:43:33 INFO  main [SerializedMesh] Loading shape 2 from "initialUnadjusted.serialized" ..
2013-11-01 18:43:33 INFO  main [SerializedMesh] Loading shape 3 from "initialUnadjusted.serialized" ..
2013-11-01 18:43:33 INFO  main [SerializedMesh] Loading shape 4 from "initialUnadjusted.serialized" ..
2013-11-01 18:43:33 INFO  main [SerializedMesh] Loading shape 5 from "initialUnadjusted.serialized" ..
2013-11-01 18:43:33 INFO  main [SerializedMesh] Loading shape 6 from "initialUnadjusted.serialized" ..
2013-11-01 18:43:33 INFO  main [SerializedMesh] Loading shape 7 from "initialUnadjusted.serialized" ..
2013-11-01 18:43:33 INFO  main [SerializedMesh] Loading shape 8 from "initialUnadjusted.serialized" ..
2013-11-01 18:43:33 INFO  main [SerializedMesh] Loading shape 9 from "initialUnadjusted.serialized" ..
2013-11-01 18:43:33 INFO  main [SerializedMesh] Loading shape 10 from "initialUnadjusted.serialized" ..
2013-11-01 18:43:33 INFO  main [SerializedMesh] Loading shape 11 from "initialUnadjusted.serialized" ..
2013-11-01 18:43:33 INFO  main [SerializedMesh] Loading shape 12 from "initialUnadjusted.serialized" ..
2013-11-01 18:43:33 INFO  main [SerializedMesh] Loading shape 13 from "initialUnadjusted.serialized" ..
2013-11-01 18:43:33 INFO  main [SerializedMesh] Loading shape 14 from "initialUnadjusted.serialized" ..
2013-11-01 18:43:33 INFO  main [SerializedMesh] Loading shape 15 from "initialUnadjusted.serialized" ..
2013-11-01 18:43:33 INFO  main [SerializedMesh] Loading shape 16 from "initialUnadjusted.serialized" ..
2013-11-01 18:43:33 INFO  main [SerializedMesh] Loading shape 17 from "initialUnadjusted.serialized" ..
2013-11-01 18:43:33 INFO  main [SerializedMesh] Loading shape 18 from "initialUnadjusted.serialized" ..
2013-11-01 18:43:33 INFO  main [SerializedMesh] Loading shape 19 from "initialUnadjusted.serialized" ..
2013-11-01 18:43:33 INFO  main [SerializedMesh] Loading shape 20 from "initialUnadjusted.serialized" ..
2013-11-01 18:43:33 INFO  main [SerializedMesh] Loading shape 21 from "initialUnadjusted.serialized" ..
2013-11-01 18:43:33 INFO  main [SerializedMesh] Loading shape 22 from "initialUnadjusted.serialized" ..
2013-11-01 18:43:33 INFO  main [SerializedMesh] Loading shape 23 from "initialUnadjusted.serialized" ..
2013-11-01 18:43:33 INFO  main [SerializedMesh] Loading shape 24 from "initialUnadjusted.serialized" ..
2013-11-01 18:43:33 INFO  main [spectrum.cpp:585] "CIE-daylight-10000.spd": loaded a spectral power distribution with 81 entries (between 380.000000 and 780.000000 nm)
2013-11-01 18:43:33 INFO  main [PluginManager] Loading plugin "plugins/area.so" ..
2013-11-01 18:43:33 INFO  main [SerializedMesh] Loading shape 25 from "initialUnadjusted.serialized" ..
2013-11-01 18:43:33 INFO  main [spectrum.cpp:585] "CIE-daylight-4000.spd": loaded a spectral power distribution with 81 entries (between 380.000000 and 780.000000 nm)
2013-11-01 18:43:33 WARN  main [properties.cpp:78] Property "intensity" was specified multiple times!
2013-11-01 18:43:33 INFO  main [PluginManager] Loading plugin "plugins/point.so" ..
2013-11-01 18:43:33 INFO  main [SerializedMesh] Loading shape 26 from "initialUnadjusted.serialized" ..
2013-11-01 18:43:33 INFO  main [PluginManager] Loading plugin "plugins/ldsampler.so" ..
2013-11-01 18:43:33 INFO  main [PluginManager] Loading plugin "plugins/gaussian.so" ..
2013-11-01 18:43:33 INFO  main [PluginManager] Loading plugin "plugins/hdrfilm.so" ..
2013-11-01 18:43:33 INFO  main [PluginManager] Loading plugin "plugins/perspective.so" ..
2013-11-01 18:43:33 INFO  ren0 [KDTreeBase] Constructing a SAH kd-tree (138274 primitives) ..
2013-11-01 18:43:33 INFO  ren0 [KDTreeBase] Finished -- took 404 ms.
2013-11-01 18:43:33 INFO  ren0 [SamplingIntegrator] Starting render job (640x480, 64 samples, 8 cores, SSE2 enabled) ..
2013-11-01 18:43:45 INFO  ren0 [HDRFilm] Writing image to "/home2/brainard/render-toolbox-3/epic-scene-test/temp/MakeSpectralIllusion/Mitsuba/initial.exr" ..
2013-11-01 18:43:45 INFO  ren0 [RenderQueue] Render time: 12.2770s
2013-11-01 18:43:45 INFO  main [statistics.cpp:137] Statistics:
------------------------------------------------------------
 * Loaded plugins :
    -  plugins/area.so [Area light]
    -  plugins/diffuse.so [Smooth diffuse BRDF]
    -  plugins/gaussian.so [Gaussian reconstruction filter]
    -  plugins/hdrfilm.so [High dynamic range film]
    -  plugins/ldsampler.so [Low discrepancy sampler]
    -  plugins/path.so [MI path tracer]
    -  plugins/perspective.so [Perspective camera]
    -  plugins/point.so [Point emitter]
    -  plugins/serialized.so [Serialized mesh loader]

  * General :
    -  Normal rays traced : 43.100 M
    -  Shadow rays traced : 22.269 M

  * Path tracer :
    -  Average path length : 2.16 (42.52 M / 19.66 M)
------------------------------------------------------------
