2013-11-01 18:39:29 INFO  main [mitsuba.cpp:256] Mitsuba version 0.4.4 (Linux, 64 bit), Copyright (c) 2013 Wenzel Jakob
2013-11-01 18:39:29 INFO  main [mitsuba.cpp:360] Parsing scene description from "/home2/brainard/render-toolbox-3/epic-scene-test/temp/MakeInterreflection/Mitsuba/reference.xml" ..
2013-11-01 18:39:29 INFO  main [PluginManager] Loading plugin "plugins/path.so" ..
2013-11-01 18:39:29 WARN  main [scenehandler.cpp:761] Near file offset 267: Unqueried attribute "shadingSamples" in element "integrator"
2013-11-01 18:39:29 INFO  main [PluginManager] Loading plugin "plugins/diffuse.so" ..
2013-11-01 18:39:29 INFO  main [PluginManager] Loading plugin "plugins/point.so" ..
2013-11-01 18:39:29 INFO  main [PluginManager] Loading plugin "plugins/serialized.so" ..
2013-11-01 18:39:29 INFO  main [SerializedMesh] Loading shape 0 from "referenceUnadjusted.serialized" ..
2013-11-01 18:39:29 INFO  main [SerializedMesh] Loading shape 1 from "referenceUnadjusted.serialized" ..
2013-11-01 18:39:29 INFO  main [PluginManager] Loading plugin "plugins/ldsampler.so" ..
2013-11-01 18:39:29 INFO  main [PluginManager] Loading plugin "plugins/gaussian.so" ..
2013-11-01 18:39:29 INFO  main [PluginManager] Loading plugin "plugins/hdrfilm.so" ..
2013-11-01 18:39:29 INFO  main [PluginManager] Loading plugin "plugins/perspective.so" ..
2013-11-01 18:39:29 INFO  ren0 [KDTreeBase] Constructing a SAH kd-tree (4 primitives) ..
2013-11-01 18:39:29 INFO  ren0 [KDTreeBase] Finished -- took 0 ms.
2013-11-01 18:39:29 INFO  ren0 [SamplingIntegrator] Starting render job (160x100, 64 samples, 8 cores, SSE2 ena2013-11-02013-11-01 18:39:30 INFO  ren0 [HDRFilm] Writing image to "/home2/brainard/render-toolbox-3/epic-scene-test/temp/MakeInterreflection/Mitsuba/reference.exr" ..
2013-11-01 18:39:30 INFO  ren0 [RenderQueue] Render time: 0.7620s
2013-11-01 18:39:30 INFO  main [statistics.cpp:137] Statistics:
------------------------------------------------------------
 * Loaded plugins :
    -  plugins/diffuse.so [Smooth diffuse BRDF]
    -  plugins/gaussian.so [Gaussian reconstruction filter]
    -  plugins/hdrfilm.so [High dynamic range film]
    -  plugins/ldsampler.so [Low discrepancy sampler]
    -  plugins/path.so [MI path tracer]
    -  plugins/perspective.so [Perspective camera]
    -  plugins/point.so [Point emitter]
    -  plugins/serialized.so [Serialized mesh loader]

  * General :
    -  Normal rays traced : 1.551 M
    -  Shadow rays traced : 527.057 K

  * Path tracer :
    -  Average path length : 1.09 (1.12 M / 1.02 M)
------------------------------------------------------------
2013-11-01 18:39:30 INFO  ren0 [RenderQueue] Render time: 0.9470s
2013-11-01 18:39:30 INFO  main [statistics.cpp:137] Statistics:
------------------------------------------------------------
 * Loaded plugins :
    -  plugins/diffuse.so [Smooth diffuse BRDF]
    -  plugins/gaussian.so [Gaussian reconstruction filter]
    -  plugins/hdrfilm.so [High dynamic range film]
    -  plugins/ldsampler.so [Low discrepancy sampler]
    -  plugins/path.so [MI path tracer]
    -  plugins/perspective.so [Perspective camera]
    -  plugins/point.so [Point emitter]
    -  plugins/serialized.so [Serialized mesh loader]

  * General :
    -  Normal rays traced : 1.420 M
    -  Shadow rays traced : 396.459 K

  * Path tracer :
    -  Average path length : 1.00 (1.02 M / 1.02 M)
------------------------------------------------------------
2013-11-01 18:39:30 INFO  ren0 [RenderQueue] Render time: 0.8680s
2013-11-01 18:39:30 INFO  main [statistics.cpp:137] Statistics:
------------------------------------------------------------
 * Loaded plugins :
    -  plugins/diffuse.so [Smooth diffuse BRDF]
    -  plugins/gaussian.so [Gaussian reconstruction filter]
    -  plugins/hdrfilm.so [High dynamic range film]
    -  plugins/ldsampler.so [Low discrepancy sampler]
    -  plugins/path.so [MI path tracer]
    -  plugins/perspective.so [Perspective camera]
    -  plugins/point.so [Point emitter]
    -  plugins/serialized.so [Serialized mesh loader]

  * General :
    -  Normal rays traced : 1.677 M
    -  Shadow rays traced : 652.644 K

  * Path tracer :
    -  Average path length : 1.12 (1.15 M / 1.02 M)
------------------------------------------------------------
