2013-07-26 17:24:18 INFO  main [mitsuba.cpp:256] Mitsuba version 0.4.4 (Linux, 64 bit), Copyright (c) 2013 Wenzel Jakob
2013-07-26 17:24:18 INFO  main [mitsuba.cpp:360] Parsing scene description from "/home2/brainard/render-toolbox-3/epic-scene-test/temp/MakeCubanSphere/Mitsuba/Cuba13.xml" ..
2013-07-26 17:24:18 INFO  main [PluginManager] Loading plugin "plugins/direct.so" ..
2013-07-26 17:24:18 INFO  main [spectrum.cpp:585] "mccBabel-4.spd": loaded a spectral power distribution with 36 entries (between 380.000000 and 730.000000 nm)
2013-07-26 17:24:18 INFO  main [PluginManager] Loading plugin "plugins/roughplastic.so" ..
2013-07-26 17:24:18 INFO  main [spectrum.cpp:585] "mccBabel-4.spd": loaded a spectral power distribution with 36 entries (between 380.000000 and 730.000000 nm)
2013-07-26 17:24:18 WARN  main [properties.cpp:78] Property "irradiance" was specified multiple times!
2013-07-26 17:24:18 INFO  main [PluginManager] Loading plugin "plugins/directional.so" ..
2013-07-26 17:24:18 WARN  main [properties.cpp:78] Property "irradiance" was specified multiple times!
2013-07-26 17:24:18 INFO  main [PluginManager] Loading plugin "plugins/serialized.so" ..
2013-07-26 17:24:18 INFO  main [SerializedMesh] Loading shape 0 from "Cuba13Unadjusted.serialized" ..
2013-07-26 17:24:18 INFO  main [spectrum.cpp:585] "D65.spd": loaded a spectral power distribution with 81 entries (between 380.000000 and 780.000000 nm)
2013-07-26 17:24:18 WARN  main [properties.cpp:78] Property "intensity" was specified multiple times!
2013-07-26 17:24:18 INFO  main [PluginManager] Loading plugin "plugins/point.so" ..
2013-07-26 17:24:18 INFO  main [SerializedMesh] Loading shape 1 from "Cuba13Unadjusted.serialized" ..
2013-07-26 17:24:18 INFO  main [spectrum.cpp:585] "D65.spd": loaded a spectral power distribution with 81 entries (between 380.000000 and 780.000000 nm)
2013-07-26 17:24:18 WARN  main [properties.cpp:78] Property "intensity" was specified multiple times!
2013-07-26 17:24:18 INFO  main [PluginManager] Loading plugin "plugins/ldsampler.so" ..
2013-07-26 17:24:18 INFO  main [PluginManager] Loading plugin "plugins/gaussian.so" ..
2013-07-26 17:24:18 INFO  main [PluginManager] Loading plugin "plugins/hdrfilm.so" ..
2013-07-26 17:24:18 INFO  main [PluginManager] Loading plugin "plugins/perspective.so" ..
2013-07-26 17:24:18 INFO  ren0 [KDTreeBase] Constructing a SAH kd-tree (972 primitives) ..
2013-07-26 17:24:18 INFO  ren0 [KDTreeBase] Finished -- took 4 ms.
2013-07-26 17:24:18 INFO  ren0 [SamplingIntegrator] Starting render job (200x160, 8 samples, 8 cores, SSE2 enabled) ..
2013-07-26 17:24:19 INFO  ren0 [HDRFilm] Writing image to "/home2/brainard/render-toolbox-3/epic-scene-test/temp/MakeCubanSphere/Mitsuba/Cuba13.exr" ..
2013-07-26 17:24:18 INFO  ren0 [RenderQueue] Render time: 0.8280s
2013-07-26 17:24:18 INFO  main [statistics.cpp:137] Statistics:
------------------------------------------------------------
 * Loaded plugins :
    -  plugins/direct.so [Direct illumination integrator]
    -  plugins/directional.so [Directional emitter]
    -  plugins/gaussian.so [Gaussian reconstruction filter]
    -  plugins/hdrfilm.so [High dynamic range film]
    -  plugins/ldsampler.so [Low discrepancy sampler]
    -  plugins/perspective.so [Perspective camera]
    -  plugins/point.so [Point emitter]
    -  plugins/roughplastic.so [Rough plastic BRDF]
    -  plugins/serialized.so [Serialized mesh loader]

  * General :
    -  Normal rays traced : 1.287 M
    -  Shadow rays traced : 1.033 M
------------------------------------------------------------
2013-07-26 17:24:19 INFO  ren0 [RenderQueue] Render time: 1.0580s
2013-07-26 17:24:19 INFO  main [statistics.cpp:137] Statistics:
------------------------------------------------------------
 * Loaded plugins :
    -  plugins/direct.so [Direct illumination integrator]
    -  plugins/directional.so [Directional emitter]
    -  plugins/gaussian.so [Gaussian reconstruction filter]
    -  plugins/hdrfilm.so [High dynamic range film]
    -  plugins/ldsampler.so [Low discrepancy sampler]
    -  plugins/perspective.so [Perspective camera]
    -  plugins/point.so [Point emitter]
    -  plugins/roughplastic.so [Rough plastic BRDF]
    -  plugins/serialized.so [Serialized mesh loader]

  * General :
    -  Normal rays traced : 1.078 M
    -  Shadow rays traced : 827.968 K
------------------------------------------------------------
