2013-07-26 18:17:06 INFO  main [mitsuba.cpp:256] Mitsuba version 0.4.4 (Linux, 64 bit), Copyright (c) 2013 Wenzel Jakob
2013-07-26 18:17:06 INFO  main [mitsuba.cpp:360] Parsing scene description from "/home2/brainard/render-toolbox-3/epic-scene-test/temp/MakeMaterialSphere/Mitsuba/materialSphereWard.xml" ..
2013-07-26 18:17:06 INFO  main [PluginManager] Loading plugin "plugins/direct.so" ..
2013-07-26 18:17:06 INFO  main [spectrum.cpp:585] "mccBabel-7.spd": loaded a spectral power distribution with 36 entries (between 380.000000 and 730.000000 nm)
2013-07-26 18:17:06 INFO  main [PluginManager] Loading plugin "plugins/ward.so" ..
2013-07-26 18:17:06 INFO  main [PluginManager] Loading plugin "plugins/point.so" ..
2013-07-26 18:17:06 INFO  main [PluginManager] Loading plugin "plugins/serialized.so" ..
2013-07-26 18:17:06 INFO  main [SerializedMesh] Loading shape 0 from "materialSphereWardUnadjusted.serialized" ..
2013-07-26 18:17:06 INFO  main [PluginManager] Loading plugin "plugins/ldsampler.so" ..
2013-07-26 18:17:06 INFO  main [PluginManager] Loading plugin "plugins/gaussian.so" ..
2013-07-26 18:17:06 INFO  main [PluginManager] Loading plugin "plugins/hdrfilm.so" ..
2013-07-26 18:17:06 INFO  main [PluginManager] Loading plugin "plugins/perspective.so" ..
2013-07-26 18:17:06 INFO  ren0 [KDTreeBase] Constructing a SAH kd-tree (5120 primitives) ..
2013-07-26 18:17:06 INFO  ren0 [KDTreeBase] Finished -- took 39 ms.
2013-07-26 18:17:06 INFO  ren0 [SamplingIntegrator] Starting render job (200x160, 8 samples, 8 cores, SSE2 enabled) ..
2013-07-26 18:17:08 INFO  ren0 [HDRFilm] Writing image to "/home2/brainard/render-toolbox-3/epic-scene-test/temp/MakeMaterialSphere/Mitsuba/materialSphereWard.exr" ..
xr" ..
perspective.so" ..
2013-07-26 18:17:06 INFO  ren0 [KDTreeBase] Constructing a SAH kd-tree (5120 primitives) ..
2013-07-26 18:17:06 INFO  ren0 [KDTreeBase] Finished -- took 39 ms.
2013-07-26 18:17:06 INFO  ren0 [SamplingIntegrator] Starting render job (200x160, 8 samples, 8 cores, SSE2 enabled) ..
2013-07-26 18:17:08 INFO  ren0 [HDRFilm] Writing image to "/home2/brainard/render-toolbox-3/epic-scene-test/temp/MakeMaterialSphere/Mitsuba/materialSphereMetal.exr" ..
----------------------
 * Loaded plugins :
    -  plugins/diffuse.so [Smooth diffuse BRDF]
    -  plugins/direct.so [Direct illumination integrator]
    -  plugins/gaussian.so [Gaussian reconstruction filter]
    -  plugins/hdrfilm.so [High dynamic range film]
    -  plugins/ldsampler.so [Low discrepancy sampler]
    -  plugins/perspective.so [Perspective camera]
    -  plugins/point.so [Point emitter]
    -  plugins/serialized.so [Serialized mesh loader]

  * General :
    -  Normal rays traced : 1.858 M
    -  Shadow rays traced : 1.602 M
------------------------------------------------------------
2013-07-26 18:17:08 INFO  ren0 [RenderQueue] Render time: 1.8030s
2013-07-26 18:17:08 INFO  main [statistics.cpp:137] Statistics:
------------------------------------------------------------
 * Loaded plugins :
    -  plugins/direct.so [Direct illumination integrator]
    -  plugins/gaussian.so [Gaussian reconstruction filter]
    -  plugins/hdrfilm.so [High dynamic range film]
    -  plugins/ldsampler.so [Low discrepancy sampler]
    -  plugins/perspective.so [Perspective camera]
    -  plugins/point.so [Point emitter]
    -  plugins/serialized.so [Serialized mesh loader]
    -  plugins/ward.so [Anisotropic Ward BRDF]

  * General :
    -  Normal rays traced : 1.816 M
    -  Shadow rays traced : 1.602 M
------------------------------------------------------------
2013-07-26 18:17:08 INFO  ren0 [RenderQueue] Render time: 2.1810s
2013-07-26 18:17:08 INFO  main [statistics.cpp:137] Statistics:
------------------------------------------------------------
 * Loaded plugins :
    -  plugins/direct.so [Direct illumination integrator]
    -  plugins/gaussian.so [Gaussian reconstruction filter]
    -  plugins/hdrfilm.so [High dynamic range film]
    -  plugins/ldsampler.so [Low discrepancy sampler]
    -  plugins/perspective.so [Perspective camera]
    -  plugins/point.so [Point emitter]
    -  plugins/roughconductor.so [Rough conductor BRDF]
    -  plugins/serialized.so [Serialized mesh loader]

  * General :
    -  Normal rays traced : 1.654 M
    -  Shadow rays traced : 1.601 M
------------------------------------------------------------
